#
# A fatal error has been detected by the Java Runtime Environment:
#
#  EXCEPTION_ACCESS_VIOLATION (0xc0000005) at pc=0x000000006d36bfb1, pid=6772, tid=0x0000000000000a48
#
# JRE version: OpenJDK Runtime Environment (8.0_152-b01) (build 1.8.0_152-release-915-b01)
# Java VM: OpenJDK 64-Bit Server VM (25.152-b01 mixed mode windows-amd64 compressed oops)
# Problematic frame:
# V  [jvm.dll+0x3cbfb1]
#
# Failed to write core dump. Minidumps are not enabled by default on client versions of Windows
#
# If you would like to submit a bug report, please visit:
#   http://bugreport.java.com/bugreport/crash.jsp
#

---------------  T H R E A D  ---------------

Current thread (0x0000000002071800):  GCTaskThread [stack: 0x0000000012350000,0x0000000012450000] [id=2632]

siginfo: ExceptionCode=0xc0000005, reading address 0x0000000000000120

Registers:
RAX=0x0000000000000000, RBX=0x00000000e7232450, RCX=0x0000000015766e60, RDX=0x00000000560da6c0
RSP=0x000000001244f540, RBP=0x000000000aaea011, RSI=0x00000000560da6c0, RDI=0x0000000000000005
R8 =0x00000000e7232450, R9 =0x0000000015766e60, R10=0x0000000000000000, R11=0x000000006d59b4f8
R12=0x000000001174d5c5, R13=0x0000000000000005, R14=0x0000000000000001, R15=0x00000000020661b0
RIP=0x000000006d36bfb1, EFLAGS=0x0000000000010a87

Top of Stack: (sp=0x000000001244f540)
0x000000001244f540:   000000000aaea011 000000000aaea011
0x000000001244f550:   00000000560da6c0 0000000000000005
0x000000001244f560:   0000000000000000 000000006d36c2ed
0x000000001244f570:   00000000e7232450 00000000560da6c0
0x000000001244f580:   00000000560da6c0 000000006d369145
0x000000001244f590:   00000000f0374268 000000006d36c81b
0x000000001244f5a0:   00000000560da6c0 000000006d08d403
0x000000001244f5b0:   0000000000000000 00000000560da600
0x000000001244f5c0:   000000001174d5c5 000000006d36c440
0x000000001244f5d0:   00000000f03755c4 000000001174d601
0x000000001244f5e0:   00000000560da6c0 00000000a1ab8c18
0x000000001244f5f0:   00000000f03755c4 000000006d36cfe5
0x000000001244f600:   00000000e7208198 000000001174d601
0x000000001244f610:   00000000560da6c0 00000000560da6c0
0x000000001244f620:   00000000560da6c0 000000006d0668da
0x000000001244f630:   00000000a1ab509c 000000006d08f247 

Instructions: (pc=0x000000006d36bfb1)
0x000000006d36bf91:   bb e6 38 00 eb 04 4c 8b 4b 08 41 81 79 08 00 00
0x000000006d36bfa1:   00 c0 73 12 49 8b 01 4c 8b c3 48 8b d6 49 8b c9
0x000000006d36bfb1:   ff 90 20 01 00 00 48 8b d7 48 8b cb e8 6e 1a 00
0x000000006d36bfc1:   00 48 8b c3 48 8b 5c 24 30 48 8b 74 24 38 48 83 


Register to memory mapping:

RAX=0x0000000000000000 is an unknown value
RBX=0x00000000e7232450 is an oop

[error occurred during error reporting (printing register info), id 0xc0000005]

Stack: [0x0000000012350000,0x0000000012450000],  sp=0x000000001244f540,  free space=1021k
Native frames: (J=compiled Java code, j=interpreted, Vv=VM code, C=native code)
V  [jvm.dll+0x3cbfb1]
V  [jvm.dll+0x3cc2ed]
V  [jvm.dll+0x3cc440]
V  [jvm.dll+0x3ccfe5]
V  [jvm.dll+0x3bcaff]
V  [jvm.dll+0x3cefa2]
V  [jvm.dll+0x3be2ce]
V  [jvm.dll+0x26d4aa]
C  [msvcr100.dll+0x21d9f]
C  [msvcr100.dll+0x21e3b]
C  [kernel32.dll+0x159ed]
C  [ntdll.dll+0x2b371]


---------------  P R O C E S S  ---------------

Java Threads: ( => current thread )
  0x000000005d068800 JavaThread "Task worker for ':' Thread 3" [_thread_blocked, id=5012, stack(0x00000000650c0000,0x00000000651c0000)]
  0x000000005d067800 JavaThread "Task worker for ':' Thread 2" [_thread_blocked, id=824, stack(0x0000000064e10000,0x0000000064f10000)]
  0x000000005d067000 JavaThread "Task worker for ':'" [_thread_blocked, id=1348, stack(0x0000000064d00000,0x0000000064e00000)]
  0x000000005dc39000 JavaThread "Cache worker for task history cache (F:\App\awesome-project\platforms\android\WeexFrameworkWrapper\.gradle\4.1\taskHistory)" [_thread_blocked, id=7000, stack(0x0000000064b40000,0x0000000064c40000)]
  0x0000000059d07800 JavaThread "build operations Thread 4" [_thread_blocked, id=3172, stack(0x00000000597c0000,0x00000000598c0000)]
  0x0000000059d06800 JavaThread "build operations Thread 3" [_thread_blocked, id=4284, stack(0x00000000647d0000,0x00000000648d0000)]
  0x0000000059d06000 JavaThread "build operations Thread 2" [_thread_blocked, id=4976, stack(0x0000000061220000,0x0000000061320000)]
  0x0000000059d05000 JavaThread "build operations" [_thread_blocked, id=3796, stack(0x0000000064660000,0x0000000064760000)]
  0x0000000059d04800 JavaThread "Cache worker for Artifact transforms cache (C:\Users\lfg\.gradle\caches\transforms-1)" [_thread_blocked, id=4192, stack(0x0000000063c60000,0x0000000063d60000)]
  0x0000000059cfa000 JavaThread "Cache worker for file hash cache (F:\App\awesome-project\platforms\android\WeexFrameworkWrapper\.gradle\4.1\fileHashes)" [_thread_blocked, id=6260, stack(0x000000005ff10000,0x0000000060010000)]
  0x0000000059cfe800 JavaThread "Stdin handler" [_thread_blocked, id=3332, stack(0x000000005ed20000,0x000000005ee20000)]
  0x0000000059cfd000 JavaThread "Asynchronous log dispatcher for DefaultDaemonConnection: socket connection from /127.0.0.1:1990 to /127.0.0.1:2000" [_thread_blocked, id=4964, stack(0x000000005c0e0000,0x000000005c1e0000)]
  0x0000000059cfd800 JavaThread "Cancel handler" [_thread_blocked, id=5888, stack(0x000000005b990000,0x000000005ba90000)]
  0x0000000059cff000 JavaThread "Handler for socket connection from /127.0.0.1:1990 to /127.0.0.1:2000" [_thread_in_native, id=4240, stack(0x000000005b890000,0x000000005b990000)]
  0x0000000059cfc000 JavaThread "Memory manager" [_thread_blocked, id=7124, stack(0x0000000061d00000,0x0000000061e00000)]
  0x0000000058ca0000 JavaThread "File lock request listener" [_thread_in_native, id=5924, stack(0x000000005bf30000,0x000000005c030000)]
  0x0000000059172000 JavaThread "Cache worker for file hash cache (C:\Users\lfg\.gradle\caches\4.1\fileHashes)" [_thread_blocked, id=7116, stack(0x000000005bb90000,0x000000005bc90000)]
  0x0000000058d37000 JavaThread "Daemon worker" [_thread_blocked, id=5280, stack(0x000000005b750000,0x000000005b850000)]
  0x00000000574a0800 JavaThread "Daemon" [_thread_blocked, id=4992, stack(0x000000005b060000,0x000000005b160000)]
  0x0000000057649800 JavaThread "Daemon periodic checks" [_thread_blocked, id=5676, stack(0x000000005ae90000,0x000000005af90000)]
  0x0000000059492800 JavaThread "Incoming local TCP Connector on port 1990" [_thread_in_native, id=3352, stack(0x000000005ad90000,0x000000005ae90000)]
  0x00000000572f4800 JavaThread "Service Thread" daemon [_thread_blocked, id=3392, stack(0x0000000057ee0000,0x0000000057fe0000)]
  0x000000005727c800 JavaThread "C1 CompilerThread2" daemon [_thread_blocked, id=644, stack(0x0000000057c30000,0x0000000057d30000)]
  0x0000000057273800 JavaThread "C2 CompilerThread1" daemon [_thread_blocked, id=2040, stack(0x00000000576a0000,0x00000000577a0000)]
  0x000000005725a800 JavaThread "C2 CompilerThread0" daemon [_thread_blocked, id=5368, stack(0x0000000057b20000,0x0000000057c20000)]
  0x000000005614f000 JavaThread "Attach Listener" daemon [_thread_blocked, id=1784, stack(0x0000000057990000,0x0000000057a90000)]
  0x000000005614e000 JavaThread "Signal Dispatcher" daemon [_thread_blocked, id=1852, stack(0x0000000057800000,0x0000000057900000)]
  0x000000005612b800 JavaThread "Finalizer" daemon [_thread_blocked, id=7016, stack(0x0000000057150000,0x0000000057250000)]
  0x00000000560e4800 JavaThread "Reference Handler" daemon [_thread_blocked, id=3904, stack(0x0000000057000000,0x0000000057100000)]
  0x000000000036e800 JavaThread "main" [_thread_blocked, id=5764, stack(0x0000000002280000,0x0000000002380000)]

Other Threads:
  0x00000000560dd000 VMThread [stack: 0x0000000056e70000,0x0000000056f70000] [id=5024]
  0x00000000572f6800 WatcherThread [stack: 0x0000000057d50000,0x0000000057e50000] [id=1876]

=>0x0000000002071800 (exited) GCTaskThread [stack: 0x0000000012350000,0x0000000012450000] [id=2632]

VM state:at safepoint (normal execution)

VM Mutex/Monitor currently owned by a thread:  ([mutex/lock_event])
[0x000000000036cc50] Threads_lock - owner thread: 0x00000000560dd000
[0x000000000036d150] Heap_lock - owner thread: 0x0000000058d37000

Heap:
 PSYoungGen      total 212992K, used 211696K [0x00000000e0000000, 0x00000000f0480000, 0x0000000100000000)
  eden space 189952K, 100% used [0x00000000e0000000,0x00000000eb980000,0x00000000eb980000)
  from space 23040K, 94% used [0x00000000eb980000,0x00000000ecebc1a0,0x00000000ed000000)
  to   space 25600K, 99% used [0x00000000eeb80000,0x00000000f047c268,0x00000000f0480000)
 ParOldGen       total 1048576K, used 58034K [0x00000000a0000000, 0x00000000e0000000, 0x00000000e0000000)
  object space 1048576K, 5% used [0x00000000a0000000,0x00000000a38ac990,0x00000000e0000000)
 Metaspace       used 64854K, capacity 68756K, committed 68992K, reserved 1107968K
  class space    used 8614K, capacity 9517K, committed 9600K, reserved 1048576K

Card table byte_map: [0x0000000011740000,0x0000000011a50000] byte_map_base: 0x0000000011240000

Marking Bits: (ParMarkBitMap*) 0x000000006d763950
 Begin Bits: [0x0000000012450000, 0x0000000013c50000)
 End Bits:   [0x0000000013c50000, 0x0000000015450000)

Polling page: 0x00000000000a0000

CodeCache: size=245760Kb used=35339Kb max_used=35346Kb free=210420Kb
 bounds [0x0000000002380000, 0x0000000004630000, 0x0000000011380000]
 total_blobs=11404 nmethods=10611 adapters=704
 compilation: enabled

Compilation events (10 events):
Event: 42.841 Thread 0x000000005727c800 12023       3       com.sun.org.apache.xerces.internal.util.XMLAttributesImpl::addAttribute (681 bytes)
Event: 42.843 Thread 0x000000005727c800 nmethod 12023 0x000000000461ef90 code [0x000000000461f440, 0x0000000004622cf8]
Event: 42.843 Thread 0x000000005727c800 12024       3       com.android.builder.symbols.Symbol$Companion::createAndValidateSymbol (56 bytes)
Event: 42.843 Thread 0x000000005727c800 nmethod 12024 0x00000000046040d0 code [0x00000000046042c0, 0x0000000004604968]
Event: 42.884 Thread 0x000000005727c800 12025       3       com.sun.org.apache.xerces.internal.dom.ParentNode::getFirstChild (16 bytes)
Event: 42.884 Thread 0x0000000057273800 12026       4       com.google.common.collect.ImmutableMap::copyOf (58 bytes)
Event: 42.884 Thread 0x000000005727c800 nmethod 12025 0x0000000004603b10 code [0x0000000004603c80, 0x0000000004604008]
Event: 42.886 Thread 0x000000005725a800 12028       4       com.android.builder.symbols.SymbolIo::readLine (150 bytes)
Event: 42.895 Thread 0x0000000057273800 nmethod 12026 0x0000000004628990 code [0x0000000004628b80, 0x0000000004629330]
Event: 42.895 Thread 0x0000000057273800 12034       4       com.google.common.collect.ImmutableTable$Builder::put (78 bytes)

GC Heap History (10 events):
Event: 16.510 GC heap after
Heap after GC invocations=12 (full 2):
 PSYoungGen      total 158720K, used 14304K [0x00000000e0000000, 0x00000000ed900000, 0x0000000100000000)
  eden space 144384K, 0% used [0x00000000e0000000,0x00000000e0000000,0x00000000e8d00000)
  from space 14336K, 99% used [0x00000000ea200000,0x00000000eaff8210,0x00000000eb000000)
  to   space 21504K, 0% used [0x00000000e8d00000,0x00000000e8d00000,0x00000000ea200000)
 ParOldGen       total 125952K, used 35970K [0x00000000a0000000, 0x00000000a7b00000, 0x00000000e0000000)
  object space 125952K, 28% used [0x00000000a0000000,0x00000000a2320b38,0x00000000a7b00000)
 Metaspace       used 55024K, capacity 57456K, committed 57856K, reserved 1099776K
  class space    used 7474K, capacity 8079K, committed 8192K, reserved 1048576K
}
Event: 16.951 GC heap before
{Heap before GC invocations=13 (full 2):
 PSYoungGen      total 158720K, used 59407K [0x00000000e0000000, 0x00000000ed900000, 0x0000000100000000)
  eden space 144384K, 31% used [0x00000000e0000000,0x00000000e2c0bb98,0x00000000e8d00000)
  from space 14336K, 99% used [0x00000000ea200000,0x00000000eaff8210,0x00000000eb000000)
  to   space 21504K, 0% used [0x00000000e8d00000,0x00000000e8d00000,0x00000000ea200000)
 ParOldGen       total 125952K, used 35970K [0x00000000a0000000, 0x00000000a7b00000, 0x00000000e0000000)
  object space 125952K, 28% used [0x00000000a0000000,0x00000000a2320b38,0x00000000a7b00000)
 Metaspace       used 56298K, capacity 58896K, committed 59028K, reserved 1099776K
  class space    used 7702K, capacity 8372K, committed 8448K, reserved 1048576K
Event: 16.980 GC heap after
Heap after GC invocations=13 (full 2):
 PSYoungGen      total 165888K, used 17139K [0x00000000e0000000, 0x00000000eed80000, 0x0000000100000000)
  eden space 144384K, 0% used [0x00000000e0000000,0x00000000e0000000,0x00000000e8d00000)
  from space 21504K, 79% used [0x00000000e8d00000,0x00000000e9dbcf28,0x00000000ea200000)
  to   space 23040K, 0% used [0x00000000ed700000,0x00000000ed700000,0x00000000eed80000)
 ParOldGen       total 125952K, used 39078K [0x00000000a0000000, 0x00000000a7b00000, 0x00000000e0000000)
  object space 125952K, 31% used [0x00000000a0000000,0x00000000a2629990,0x00000000a7b00000)
 Metaspace       used 56298K, capacity 58896K, committed 59028K, reserved 1099776K
  class space    used 7702K, capacity 8372K, committed 8448K, reserved 1048576K
}
Event: 16.980 GC heap before
{Heap before GC invocations=14 (full 3):
 PSYoungGen      total 165888K, used 17139K [0x00000000e0000000, 0x00000000eed80000, 0x0000000100000000)
  eden space 144384K, 0% used [0x00000000e0000000,0x00000000e0000000,0x00000000e8d00000)
  from space 21504K, 79% used [0x00000000e8d00000,0x00000000e9dbcf28,0x00000000ea200000)
  to   space 23040K, 0% used [0x00000000ed700000,0x00000000ed700000,0x00000000eed80000)
 ParOldGen       total 125952K, used 39078K [0x00000000a0000000, 0x00000000a7b00000, 0x00000000e0000000)
  object space 125952K, 31% used [0x00000000a0000000,0x00000000a2629990,0x00000000a7b00000)
 Metaspace       used 56298K, capacity 58896K, committed 59028K, reserved 1099776K
  class space    used 7702K, capacity 8372K, committed 8448K, reserved 1048576K
Event: 17.319 GC heap after
Heap after GC invocations=14 (full 3):
 PSYoungGen      total 165888K, used 0K [0x00000000e0000000, 0x00000000eed80000, 0x0000000100000000)
  eden space 144384K, 0% used [0x00000000e0000000,0x00000000e0000000,0x00000000e8d00000)
  from space 21504K, 0% used [0x00000000e8d00000,0x00000000e8d00000,0x00000000ea200000)
  to   space 23040K, 0% used [0x00000000ed700000,0x00000000ed700000,0x00000000eed80000)
 ParOldGen       total 197632K, used 46697K [0x00000000a0000000, 0x00000000ac100000, 0x00000000e0000000)
  object space 197632K, 23% used [0x00000000a0000000,0x00000000a2d9a5c8,0x00000000ac100000)
 Metaspace       used 56298K, capacity 58896K, committed 59028K, reserved 1099776K
  class space    used 7702K, capacity 8372K, committed 8448K, reserved 1048576K
}
Event: 20.907 GC heap before
{Heap before GC invocations=15 (full 3):
 PSYoungGen      total 165888K, used 144384K [0x00000000e0000000, 0x00000000eed80000, 0x0000000100000000)
  eden space 144384K, 100% used [0x00000000e0000000,0x00000000e8d00000,0x00000000e8d00000)
  from space 21504K, 0% used [0x00000000e8d00000,0x00000000e8d00000,0x00000000ea200000)
  to   space 23040K, 0% used [0x00000000ed700000,0x00000000ed700000,0x00000000eed80000)
 ParOldGen       total 197632K, used 46697K [0x00000000a0000000, 0x00000000ac100000, 0x00000000e0000000)
  object space 197632K, 23% used [0x00000000a0000000,0x00000000a2d9a5c8,0x00000000ac100000)
 Metaspace       used 57951K, capacity 60708K, committed 60928K, reserved 1101824K
  class space    used 7908K, capacity 8624K, committed 8704K, reserved 1048576K
Event: 20.923 GC heap after
Heap after GC invocations=15 (full 3):
 PSYoungGen      total 194560K, used 15797K [0x00000000e0000000, 0x00000000ee680000, 0x0000000100000000)
  eden space 178688K, 0% used [0x00000000e0000000,0x00000000e0000000,0x00000000eae80000)
  from space 15872K, 99% used [0x00000000ed700000,0x00000000ee66d610,0x00000000ee680000)
  to   space 23040K, 0% used [0x00000000eb980000,0x00000000eb980000,0x00000000ed000000)
 ParOldGen       total 197632K, used 46705K [0x00000000a0000000, 0x00000000ac100000, 0x00000000e0000000)
  object space 197632K, 23% used [0x00000000a0000000,0x00000000a2d9c5c8,0x00000000ac100000)
 Metaspace       used 57951K, capacity 60708K, committed 60928K, reserved 1101824K
  class space    used 7908K, capacity 8624K, committed 8704K, reserved 1048576K
}
Event: 29.471 GC heap before
{Heap before GC invocations=16 (full 3):
 PSYoungGen      total 194560K, used 194485K [0x00000000e0000000, 0x00000000ee680000, 0x0000000100000000)
  eden space 178688K, 100% used [0x00000000e0000000,0x00000000eae80000,0x00000000eae80000)
  from space 15872K, 99% used [0x00000000ed700000,0x00000000ee66d610,0x00000000ee680000)
  to   space 23040K, 0% used [0x00000000eb980000,0x00000000eb980000,0x00000000ed000000)
 ParOldGen       total 197632K, used 46705K [0x00000000a0000000, 0x00000000ac100000, 0x00000000e0000000)
  object space 197632K, 23% used [0x00000000a0000000,0x00000000a2d9c5c8,0x00000000ac100000)
 Metaspace       used 60814K, capacity 64068K, committed 64384K, reserved 1103872K
  class space    used 8191K, capacity 8979K, committed 9088K, reserved 1048576K
Event: 29.510 GC heap after
Heap after GC invocations=16 (full 3):
 PSYoungGen      total 212992K, used 21744K [0x00000000e0000000, 0x00000000f0480000, 0x0000000100000000)
  eden space 189952K, 0% used [0x00000000e0000000,0x00000000e0000000,0x00000000eb980000)
  from space 23040K, 94% used [0x00000000eb980000,0x00000000ecebc1a0,0x00000000ed000000)
  to   space 25600K, 0% used [0x00000000eeb80000,0x00000000eeb80000,0x00000000f0480000)
 ParOldGen       total 197632K, used 46713K [0x00000000a0000000, 0x00000000ac100000, 0x00000000e0000000)
  object space 197632K, 23% used [0x00000000a0000000,0x00000000a2d9e5c8,0x00000000ac100000)
 Metaspace       used 60814K, capacity 64068K, committed 64384K, reserved 1103872K
  class space    used 8191K, capacity 8979K, committed 9088K, reserved 1048576K
}
Event: 42.901 GC heap before
{Heap before GC invocations=17 (full 3):
 PSYoungGen      total 212992K, used 211696K [0x00000000e0000000, 0x00000000f0480000, 0x0000000100000000)
  eden space 189952K, 100% used [0x00000000e0000000,0x00000000eb980000,0x00000000eb980000)
  from space 23040K, 94% used [0x00000000eb980000,0x00000000ecebc1a0,0x00000000ed000000)
  to   space 25600K, 0% used [0x00000000eeb80000,0x00000000eeb80000,0x00000000f0480000)
 ParOldGen       total 197632K, used 46713K [0x00000000a0000000, 0x00000000ac100000, 0x00000000e0000000)
  object space 197632K, 23% used [0x00000000a0000000,0x00000000a2d9e5c8,0x00000000ac100000)
 Metaspace       used 64854K, capacity 68756K, committed 68992K, reserved 1107968K
  class space    used 8614K, capacity 9517K, committed 9600K, reserved 1048576K

Deoptimization events (10 events):
Event: 41.199 Thread 0x0000000058d37000 Uncommon trap: reason=array_check action=maybe_recompile pc=0x00000000044fb510 method=java.util.TimSort.binarySort([Ljava/lang/Object;IIILjava/util/Comparator;)V @ 193
Event: 41.283 Thread 0x0000000058d37000 Uncommon trap: reason=array_check action=maybe_recompile pc=0x00000000044fb5d8 method=java.util.TimSort.binarySort([Ljava/lang/Object;IIILjava/util/Comparator;)V @ 183
Event: 41.291 Thread 0x0000000058d37000 Uncommon trap: reason=array_check action=maybe_recompile pc=0x00000000044fb44c method=java.util.TimSort.binarySort([Ljava/lang/Object;IIILjava/util/Comparator;)V @ 215
Event: 41.428 Thread 0x0000000059d06000 Uncommon trap: reason=unstable_if action=reinterpret pc=0x000000000452ee00 method=org.gradle.cache.internal.ProducerGuard$AdaptiveProducerGuard.guardByKey(Ljava/lang/Object;Lorg/gradle/internal/Factory;)Ljava/lang/Object; @ 17
Event: 41.674 Thread 0x0000000058d37000 Uncommon trap: reason=unstable_if action=reinterpret pc=0x0000000002dfdcc4 method=com.sun.org.apache.xerces.internal.dom.NamedNodeMapImpl.findNamePoint(Ljava/lang/String;I)I @ 69
Event: 41.713 Thread 0x0000000058d37000 Uncommon trap: reason=unstable_if action=reinterpret pc=0x00000000027526ac method=sun.nio.cs.ext.DoubleByte$Encoder.encodeArrayLoop(Ljava/nio/CharBuffer;Ljava/nio/ByteBuffer;)Ljava/nio/charset/CoderResult; @ 296
Event: 41.713 Thread 0x0000000058d37000 Uncommon trap: reason=unstable_if action=reinterpret pc=0x0000000002c3736c method=java.io.BufferedOutputStream.write([BII)V @ 6
Event: 41.956 Thread 0x0000000058d37000 Uncommon trap: reason=bimorphic action=maybe_recompile pc=0x0000000003855ca4 method=java.io.BufferedInputStream.read1([BII)I @ 39
Event: 41.962 Thread 0x0000000058d37000 Uncommon trap: reason=bimorphic action=maybe_recompile pc=0x0000000003859bc0 method=java.io.BufferedInputStream.read1([BII)I @ 39
Event: 42.812 Thread 0x0000000058d37000 Uncommon trap: reason=unstable_if action=reinterpret pc=0x0000000002ef1148 method=com.sun.org.apache.xerces.internal.xni.XMLString.toString()Ljava/lang/String; @ 4

Classes redefined (0 events):
No events

Internal exceptions (10 events):
Event: 36.558 Thread 0x0000000058d37000 Exception <a 'sun/nio/fs/WindowsException'> (0x00000000e4a7a1f8) thrown at [D:\src\AOSP-openjdk-cygwin\jdk8u\hotspot\src\share\vm\prims\jni.cpp, line 709]
Event: 37.864 Thread 0x0000000058d37000 Implicit null exception at 0x00000000043b3653 to 0x00000000043b378d
Event: 38.083 Thread 0x0000000058d37000 Exception <a 'java/lang/NoSuchMethodError': <clinit>> (0x00000000e75d78a0) thrown at [D:\src\AOSP-openjdk-cygwin\jdk8u\hotspot\src\share\vm\prims\jni.cpp, line 1613]
Event: 38.084 Thread 0x0000000058d37000 Exception <a 'java/lang/NoSuchMethodError': <clinit>> (0x00000000e75e6418) thrown at [D:\src\AOSP-openjdk-cygwin\jdk8u\hotspot\src\share\vm\prims\jni.cpp, line 1613]
Event: 38.095 Thread 0x0000000058d37000 Exception <a 'java/lang/NoSuchMethodError': <clinit>> (0x00000000e76b2138) thrown at [D:\src\AOSP-openjdk-cygwin\jdk8u\hotspot\src\share\vm\prims\jni.cpp, line 1613]
Event: 38.096 Thread 0x0000000058d37000 Exception <a 'java/lang/NoSuchMethodError': <clinit>> (0x00000000e76cde38) thrown at [D:\src\AOSP-openjdk-cygwin\jdk8u\hotspot\src\share\vm\prims\jni.cpp, line 1613]
Event: 38.097 Thread 0x0000000058d37000 Exception <a 'java/lang/NoSuchMethodError': <clinit>> (0x00000000e76cfca0) thrown at [D:\src\AOSP-openjdk-cygwin\jdk8u\hotspot\src\share\vm\prims\jni.cpp, line 1613]
Event: 39.819 Thread 0x0000000058d37000 Implicit null exception at 0x0000000002ee24a7 to 0x0000000002ee2c71
Event: 39.960 Thread 0x0000000058d37000 Exception <a 'java/lang/IncompatibleClassChangeError': Found class java.lang.Object, but interface was expected> (0x00000000e8d0c320) thrown at [D:\src\AOSP-openjdk-cygwin\jdk8u\hotspot\src\share\vm\interpreter\linkResolver.cpp, line 643]
Event: 40.231 Thread 0x0000000058d37000 Exception <a 'java/lang/NoSuchMethodError': <clinit>> (0x00000000e8dec030) thrown at [D:\src\AOSP-openjdk-cygwin\jdk8u\hotspot\src\share\vm\prims\jni.cpp, line 1613]

Events (10 events):
Event: 41.956 Executing VM operation: RevokeBias done
Event: 41.956 Thread 0x0000000058d37000 DEOPT PACKING pc=0x0000000003855ca4 sp=0x000000005b84a360
Event: 41.956 Thread 0x0000000058d37000 DEOPT UNPACKING pc=0x00000000023c556a sp=0x000000005b84a2b8 mode 2
Event: 41.962 Thread 0x0000000058d37000 Uncommon trap: trap_request=0xffffffc6 fr.pc=0x0000000003859bc0
Event: 41.962 Thread 0x0000000058d37000 DEOPT PACKING pc=0x0000000003859bc0 sp=0x000000005b84a880
Event: 41.962 Thread 0x0000000058d37000 DEOPT UNPACKING pc=0x00000000023c556a sp=0x000000005b84a840 mode 2
Event: 42.812 Thread 0x0000000058d37000 Uncommon trap: trap_request=0xffffff65 fr.pc=0x0000000002ef1148
Event: 42.812 Thread 0x0000000058d37000 DEOPT PACKING pc=0x0000000002ef1148 sp=0x000000005b84a480
Event: 42.812 Thread 0x0000000058d37000 DEOPT UNPACKING pc=0x00000000023c556a sp=0x000000005b84a348 mode 2
Event: 42.901 Executing VM operation: ParallelGCFailedAllocation


Dynamic libraries:
0x000000013f740000 - 0x000000013f771000 	D:\Program Files\Android\Android Studio\jre\bin\java.exe
0x0000000077140000 - 0x00000000772ea000 	C:\Windows\SYSTEM32\ntdll.dll
0x0000000077020000 - 0x000000007713f000 	C:\Windows\system32\kernel32.dll
0x000007fefd350000 - 0x000007fefd3bb000 	C:\Windows\system32\KERNELBASE.dll
0x000007feff2d0000 - 0x000007feff3ab000 	C:\Windows\system32\ADVAPI32.dll
0x000007feff3b0000 - 0x000007feff44f000 	C:\Windows\system32\msvcrt.dll
0x000007fefe0a0000 - 0x000007fefe0bf000 	C:\Windows\SYSTEM32\sechost.dll
0x000007fefd8b0000 - 0x000007fefd9dd000 	C:\Windows\system32\RPCRT4.dll
0x0000000076f20000 - 0x000000007701a000 	C:\Windows\system32\USER32.dll
0x000007feff100000 - 0x000007feff167000 	C:\Windows\system32\GDI32.dll
0x000007fefdf00000 - 0x000007fefdf0e000 	C:\Windows\system32\LPK.dll
0x000007fefe0c0000 - 0x000007fefe18a000 	C:\Windows\system32\USP10.dll
0x000007fefae70000 - 0x000007fefb064000 	C:\Windows\WinSxS\amd64_microsoft.windows.common-controls_6595b64144ccf1df_6.0.7601.17514_none_fa396087175ac9ac\COMCTL32.dll
0x000007feff250000 - 0x000007feff2c1000 	C:\Windows\system32\SHLWAPI.dll
0x000007fefded0000 - 0x000007fefdefe000 	C:\Windows\system32\IMM32.DLL
0x000007fefdf10000 - 0x000007fefe019000 	C:\Windows\system32\MSCTF.dll
0x000000006d830000 - 0x000000006d902000 	D:\Program Files\Android\Android Studio\jre\jre\bin\msvcr100.dll
0x000000006cfa0000 - 0x000000006d7de000 	D:\Program Files\Android\Android Studio\jre\jre\bin\server\jvm.dll
0x000007fef8670000 - 0x000007fef8679000 	C:\Windows\system32\WSOCK32.dll
0x000007fefe190000 - 0x000007fefe1dd000 	C:\Windows\system32\WS2_32.dll
0x000007fefd460000 - 0x000007fefd468000 	C:\Windows\system32\NSI.dll
0x000007fefaa60000 - 0x000007fefaa9b000 	C:\Windows\system32\WINMM.dll
0x000007fefc1f0000 - 0x000007fefc1fc000 	C:\Windows\system32\VERSION.dll
0x0000000077310000 - 0x0000000077317000 	C:\Windows\system32\PSAPI.DLL
0x000007fef8ad0000 - 0x000007fef8adf000 	D:\Program Files\Android\Android Studio\jre\jre\bin\verify.dll
0x000007fef8aa0000 - 0x000007fef8ac9000 	D:\Program Files\Android\Android Studio\jre\jre\bin\java.dll
0x000007fef8a80000 - 0x000007fef8a96000 	D:\Program Files\Android\Android Studio\jre\jre\bin\zip.dll
0x000007fefe310000 - 0x000007feff098000 	C:\Windows\system32\SHELL32.dll
0x000007fefdc00000 - 0x000007fefde03000 	C:\Windows\system32\ole32.dll
0x000007fefd090000 - 0x000007fefd09f000 	C:\Windows\system32\profapi.dll
0x000007fef8a60000 - 0x000007fef8a7a000 	D:\Program Files\Android\Android Studio\jre\jre\bin\net.dll
0x000007fefc900000 - 0x000007fefc955000 	C:\Windows\system32\mswsock.dll
0x000007fefc8f0000 - 0x000007fefc8f7000 	C:\Windows\System32\wship6.dll
0x000007fef8a40000 - 0x000007fef8a51000 	D:\Program Files\Android\Android Studio\jre\jre\bin\nio.dll
0x000007feeccf0000 - 0x000007feecd0e000 	C:\Users\lfg\.gradle\native\25\windows-amd64\native-platform.dll
0x000007fef8990000 - 0x000007fef899d000 	D:\Program Files\Android\Android Studio\jre\jre\bin\management.dll
0x000007fefc960000 - 0x000007fefc977000 	C:\Windows\system32\CRYPTSP.dll
0x000007fefc660000 - 0x000007fefc6a7000 	C:\Windows\system32\rsaenh.dll
0x000007fefc3e0000 - 0x000007fefc3fe000 	C:\Windows\system32\USERENV.dll
0x000007fefcfc0000 - 0x000007fefcfcf000 	C:\Windows\system32\CRYPTBASE.dll
0x000007fefbab0000 - 0x000007fefbad7000 	C:\Windows\system32\IPHLPAPI.DLL
0x000007fefbaa0000 - 0x000007fefbaab000 	C:\Windows\system32\WINNSI.DLL
0x000007fefb8b0000 - 0x000007fefb8c8000 	C:\Windows\system32\dhcpcsvc.DLL
0x000007fefb890000 - 0x000007fefb8a1000 	C:\Windows\system32\dhcpcsvc6.DLL
0x000007fef3410000 - 0x000007fef3535000 	C:\Windows\system32\dbghelp.dll

VM Arguments:
jvm_args: -Xmx1536m -Dfile.encoding=GBK -Duser.country=CN -Duser.language=zh -Duser.variant 
java_command: org.gradle.launcher.daemon.bootstrap.GradleDaemon 4.1
java_class_path (initial): C:\Users\lfg\.gradle\wrapper\dists\gradle-4.1-all\bzyivzo6n839fup2jbap0tjew\gradle-4.1\lib\gradle-launcher-4.1.jar
Launcher Type: SUN_STANDARD

Environment Variables:
PATH=C:\Windows\system32;C:\Windows;C:\Windows\System32\Wbem;C:\Windows\System32\WindowsPowerShell\v1.0\;C:\Program Files (x86)\Windows Kits\8.1\Windows Performance Toolkit\;C:\Program Files\Microsoft SQL Server\110\Tools\Binn\;C:\Program Files (x86)\Microsoft SDKs\TypeScript\1.0\;C:\Program Files\Microsoft SQL Server\120\Tools\Binn\;D:\Program Files\nodejs\;D:\Program Files\Git\cmd;D:\Python27;D:\Python27\Scripts;C:\Users\lfg\AppData\Roaming\npm;D:\Program Files\Microsoft VS Code\bin;D:\Program Files\MongoDB\Server\3.6\bin
USERNAME=lfg
OS=Windows_NT
PROCESSOR_IDENTIFIER=Intel64 Family 6 Model 60 Stepping 3, GenuineIntel



---------------  S Y S T E M  ---------------

OS: Windows 7 , 64 bit Build 7601 (6.1.7601.19160)

CPU:total 4 (initial active 4) (2 cores per cpu, 2 threads per core) family 6 model 60 stepping 3, cmov, cx8, fxsr, mmx, sse, sse2, sse3, ssse3, sse4.1, sse4.2, popcnt, avx, avx2, aes, clmul, erms, lzcnt, ht, tsc, tscinvbit, bmi1, bmi2

Memory: 4k page, physical 12459292k(5752948k free), swap 24916748k(17225344k free)

vm_info: OpenJDK 64-Bit Server VM (25.152-b01) for windows-amd64 JRE (1.8.0_152-release-915-b01), built by "builder" with MS VC++ 10.0 (VS2010)

time: Thu Jun 14 21:13:24 2018
elapsed time: 43 seconds (0d 0h 0m 43s)

